<?xml version="1.0" encoding="UTF-8"?>
<!-- Generated by org.testng.reporters.JUnitXMLReporter -->
<testsuite hostname="Praveen-MacBook-Air.local" ignored="0" name="BankingApp Test" tests="2" failures="0" timestamp="16 Dec 2019 07:13:26 GMT" time="30.994" errors="0">
  <testcase name="loginTest" time="2.085" classname="com.inetbanking.testcases.TC_LoginTest_001"/>
  <testcase name="addNewCustomer" time="18.742" classname="com.inetbanking.testcases.TC_AddCustomerTest_003"/>
</testsuite> <!-- BankingApp Test -->
